Case #1:
10000000000000000000000000000001 3 2 5 11 7 43 3 5 3
10000000000000000000000000000111 3 2 5 67 7 5 3 5 17
10000000000000000000000000001101 3 2 5 7 7 13 3 5 83
10000000000000000000000000010011 3 2 5 2333 7 43 3 5 7
10000000000000000000000000011101 31 5 11 2 5 2 5 2 3
10000000000000000000000000101011 3 163 19 2 5 2 3 2 3
10000000000000000000000001000011 3 2 5 1087 7 5 3 5 157
10000000000000000000000001111111 3 2 5 113 7 5 3 5 3
10000000000000000000000010010011 5 7 887 2 5 2 239 2 3
10000000000000000000000011110001 3 2 3 113 7 3 3 5 79
10000000000000000000000100100001 3 2 5 19 7 43 3 5 7
10000000000000000000000111000001 11 5 13 2 5 2 5 2 3
10000000000000000000001000100011 3 31 1097 2 5 2 3 2 3
10000000000000000000001010000001 73 2 1999 3 149 17 41 173 13
10000000000000000000001111111001 5 19 3 2 383 2 3319 2 59
10000000000000000000010000000001 71 59 3 2 191 2 1789 2 11
10000000000000000000010000001001 3 2 5 13 7 17 3 5 1583
10000000000000000000010010010001 181 5 41 2 5 2 5 2 3
10000000000000000000010101000001 3 131 67 2 5 2 3 2 3
10000000000000000000011111111001 3 2 5 19 5 151 3 5 29
10000000000000000000100000000001 7 5 3 2 43 2 5 2 8059
10000000000000000000100100100101 3 2 3 61 7 3 3 5 7
10000000000000000000111110000001 11 5 73 2 181 2 5 2 457
10000000000000000000111111110001 3 2 5 29 5 5051 3 5 67
10000000000000000001000010000101 4679 5 13 2 5 2 5 2 3
10000000000000000001001000000001 3 2 5 103 7 19 3 5 7
10000000000000000001010000000001 37 2 11 7 11 239 97 101 23
10000000000000000001110000000001 2243 5 191 2 5 2 5 2 3
10000000000000000001111111111111 3 2 5 23 7 43 3 5 3
10000000000000000010010000000001 3 2 5 97 7 5 3 5 7
10000000000000000010010010010011 7523 7 199 2 79 2 7 2 577
10000000000000000011111111110001 3 2 3 11 7 3 3 5 17
10000000000000000100010001000101 5 2 3 3 43 3 73 67 13
10000000000000000100100100100001 3 2 3 293 7 3 3 5 7
10000000000000000101010000000001 3 73 19 2 5 2 3 2 3
10000000000000000111000000000001 29 11 11 2 5 2 31 2 3
10000000000000000111111000000001 3 2 5 79 7 5 3 5 3
10000000000000000111111111111001 3 2 5 419 7 43 3 5 3
10000000000000001000000000001001 5 2 7 3 67 5 113 7 31
10000000000000001000000001000001 3 2 5 13 7 19 3 5 7
10000000000000001000010000000001 3 2 5 13 7 1367 3 5 41
10000000000000001111111111000001 3 2 3 11 7 3 3 5 547
10000000000000001111111111111001 797 5 3 2 5 2 5 2 17
10000000000000010010010010000001 3 2 3 23 7 3 3 5 7
10000000000000011110000000000001 3 2 3 7 7 3 3 5 19
10000000000000011111111111110001 5 19 3 2 5 2 113 2 11
10000000000000011111111111111111 3 2 3 7 7 3 3 5 43
10000000000000100000000000000101 3 2 5 29 7 5 3 2 7
10000000000000100000000100000001 3 2 5 1741 7 43 3 2 7
10000000000000100000100000100001 3 101 59 2 5 2 3 19 3
10000000000000100010001000100001 7 2 3 7 29 3 5 2 643
10000000000000101010100000000001 7 2 3 7 43 3 73 2 593
10000000000000101010101010100001 7 13 3 2 7 2 73 17 29
10000000000000110000000000000001 3 2 5 29 7 3491 3 2 61
10000000000000111111111110000001 5 1019 59 2 2311 2 11 5 29
10000000000001000000010000000101 3 5 7793 2 5 2 3 17 3
10000000000001001000000000000001 3 2 5 13 7 19 3 2 7
10000000000001010100000000000001 3 2633 73 2 5 2 3 71 3
10000000000001010101010100000001 3 2 29 59 11 11 3 2 3
10000000000001010101010101010101 3 23 23 2 13 2 3 691 3
10000000000001111000000000000001 3 2 3 3299 7 3 3 239 179
10000000000001111111000000000001 151 29 3 2 647 2 179 2 11
10000000000001111111111111111001 3 2 3 17 7 3 3 1933 139
10000000000010000000000001000001 3 2 5 13 7 2 3 2 61
10000000000010000000001000000001 97 2 11 3 11 2 23 2 13
10000000000010010010010010010001 3 2 5 433 7 2 3 2 3
10000000000011100000000000000001 31 11 11 2 5 13 31 3 3
10000000000011111100000000000001 3 2 5 13 7 2 3 2 3
10000000000011111111111100000001 3 2 5 2341 7 2 3 2 3
10000000000011111111111111100001 29 1907 983 2 17 13 17 3 3
10000000000011111111111111111101 3 2 5 13 5 2 3 2 3
10000000000100000000000010000001 3 2 5 569 7 2 3 2 43
10000000000100000001000000000001 19 2 11 17 11 2 5 2 61
10000000000100010001000100000001 7 2 3 3 43 2 73 2 13
10000000000101010101010000000001 3 2 89 29 71 2 3 23 3
10000000000111111111111111111001 3 2 5 431 5 3 3 3 3
10000000001000000000000001000001 3 2 5 149 7 2 3 2 7
10000000001000001000001000001001 7 2 3 7 41 2 29 2 13
10000000001000010000100001000001 3 2 3 463 7 2 3 2 19
10000000001001001001000000000001 3 2 3 31 7 2 3 293 7
10000000001111111110000000000001 29 17 11 2 191 97 11 3 3
10000000001111111111111111110001 3 2 5 47 5 2 3 2 3
10000000010000000000100000000001 3 2 5 13 7 2 3 2 127
10000000010000000010000000000001 3 2 5 53 7 2 3 2 7
10000000010000001000000100000011 3 2 3 7 7 2 3 2 19
10000000010001000100000000000001 3 5 11 2 5 5 3 2 3
10000000010010010010010010010001 29 5 3 2 17 2 5 2 11
10000000010101010101010101000001 3 11 47 2 79 2 3 2351 3
10000000011000000000000000000001 3 2 5 37 7 157 3 5 53
10000000011111111000000000000001 3 2 5 443 5 5021 3 7 103
10000000100000000000000000000001 7 5 3 3 23 3 5 3 3
10000000100000000001000000000001 3 2 5 2 7 2 3 2 2221
10000000100000000010000000001001 3 5 1427 11 5 11 3 3 19
10000000100000100000100000000001 3 5 139 11 5 13 3 2 89
10000000111111000000000000000001 3 2 5 2 7 2 3 19 179
10000000111111111111111111000001 3 2 5 2 5 2 3 2 131
10000001000000000000000001000001 379 2 7 2 821 2 29 2 2393
10000001000000000000001000000001 3 2 5 2 7 2 3 2 19
10000001000000000100000000000001 1301 2 11 2 47 2 67 2 13
10000001000000100000000000000001 3 2 5 2 7 2 3 17 17
10000001001000000000000000000001 3 2 5 2 7 11 3 3 499
10000001001001001001001001001001 3 2 5 2 5 17 3 2 23
10000001010101010101000000000001 5 23 3 11 7 3 11 2 3
10000001100000000000000000000001 3 2 5 3 7 3 3 11 3
10000001111111100000000000000001 3 2 5 3 5 5 3 17 3
10000001111111111100000000000001 9547 5 19 2 2287 2 5 2 3
10000001111111111111111100000001 5 59 5531 2 401 2 17 2 3
10000001111111111111111111111101 31 5 11 2 5 2 5 2 3
10000010000000000000010000000001 3 2 5 2 7 2 3 2 19
10000010000000010000000000000001 3 2 5 2 7 2 3 2 3319
10000010000100000000000000000001 3 2 5 2 7 17 3 599 269
10000010001000100010001000100011 2749 7 3 11 7 2 107 13 109
10000010010010010000000000000001 3 2 3 2 7 2 3 2 107
10000011111111000000000000000001 3 2 5 2 5 2 3 5 3
10000011111111111111000000000001 3 2 5 2 7 2 3 2 3
10000011111111111111111111000001 3 2 5 2 7 2 3 2 3
10000100000000000000000000000001 7 13 3 131 43 31 73 3 3
10000100000000000000000000001001 3 2 5 2 7 2 3 2 11
10000100000000000000001000000001 3 2 5 2 7 2 3 2 11
10000100000000000100000000000101 3 5 1361 11 5 3 3 3 109
10000100000001000000010000000101 5 2 3 2 43 2 17 3 3
10000100000010000001000000100001 3 2 3 2 7 3 3 5 3
10000100001000010000100001000011 3 2 5 2 7 11 3 3 11
10000100010001000100000000000001 5 2 3 2 43 3 73 2 3
10000100100100100000000000000001 3 2 3 3 7 2 3 3 17
10000101010101000000000000000001 179 7 5 2 83 2 7 3 3
10000110000000000000000000000001 3 2 5 5 7 3 3 3 7
10000111110000000000000000000001 41 457 331 2 17 5 7 5 59
10000111111111111110000000000001 3 2 5 1019 7 3 3 5 1237
10000111111111111111111110000001 3 2 5 127 7 3 3 5 167
10000111111111111111111111111111 3 2 5 2423 7 3 3 5 29
10001000000000000000000100000001 3 2 5 2 7 2 3 2 131
10001000000001000000001000000001 31 11 11 13 5 11 31 2 3
10001000001000001000001000000001 7 2 3 2 11 5 61 3 991
10001000010000100001000010000101 3 2 5 2 7 29 3 2 3
10001000100010001000000000000001 29 2 3 3 499 2 13 2 3
10001001001001000000000000000001 3 2 3 5 7 2 3 1279 3
10001010101010000000000000000001 449 5 5 7 61 151 5 3 31
10001010101010101010000000000001 1217 2 29 2 5 2 821 13 107
10001111000000000000000000000001 3 2 3 3 7 1889 3 11 7
10001111111111000000000000000001 3 2 3 2 7 2 3 11 349
10001111111111111111111111000001 3 2 3 2 7 2 3 2 887
10010000000000000000000000000001 5 29 3 7 11 7 23 5 3251
10010000000000000000000000001001 3 2 5 2 7 2 3 2 3
10010000000000000000001000000001 3 2 5 2 7 2 3 2 3
10010000000000001000000000000001 3 2 5 2 7 2 3 2 3
10010000000000010000000000010001 3 13 17 3 5 3 3 7 7
10010000000010000000010000000001 47 5 37 7 5 2 5 2 67
10010000000100000001000000000001 3 149 17 3 5 2 3 2 3331
10010000001000000100000000000001 47 61 19 41 5 2 59 2 7
10010000010000010000000000000001 3 13 43 3 5 2 3 2 7
10010000100000000000000000000001 3 2 5 37 7 5 3 43 13
10010001000100000000000000000001 3 47 17 2 5 131 3 7 3
10010010010010010010000000000001 3 2 5 3 7 71 3 83 5
10011111111111111000000000000001 3 2 5 3 7 37 3 29 3
10011111111111111111111000000001 3 2 5 3 7 569 3 557 3
10011111111111111111111111000001 11 5 3761 2 5 2 5 2 3
10011111111111111111111111111001 3 2 5 3 7 3803 3 71 3
10100000000000000000000000000001 7 13 3 5 43 3 73 41 5
10100000000000000000000001000001 3 2 5 2 7 2 3 2 5
10100000000000000000001000000001 101 2 11 2 11 2 523 2 5
10100000000000000001000000000001 3 2 5 2 7 2 3 2 5
10100000000001000000000000000001 3 2 5 2 7 2 3 7 5
10100010001000000000000000000001 3 71 23 2 5 43 3 31 3
10100100100100100000000000000001 29 61 1103 5 19 2 7 3 3
10100100100100100100100100000001 3 2 5 2 5 11 3 2 3
10101010101000000000000000000001 83 797 5 2 17 3 7 11 17
10101010101010101010101010101001 13 2 19 5 7 5 131 2 101
10111111111111000000000000000001 3 2 5 2 7 2 3 3 431
10111111111111111111000000000001 3 2 5 2 5 2 3 2 23
10111111111111111111111111000001 3 2 5 2 7 2 3 2 17
11000000000000000000000000001001 3 2 5 2 7 2 3 2 5
11000000000000000000001000000001 3 2 5 2 7 2 3 2 5
11000000000000001000000000000001 3 2 5 2 7 2 3 2 5
11000000000000100000000000000001 3 2 5 2 7 2 3 3 5
11000000000100000000000000000001 19 2 271 2 17 3 11 607 5
11000000010000000100000000000001 3 5 43 719 5 2 3 2 3
11000010000100001000000000000001 3 2 3 67 7 2 3 2 7
11000100010001000100000000000001 47 7 5 2 19 5 7 2 11
11001001001000000000000000000001 3 2 3 2 7 3 3 3 3
11001001001001001001001001001001 3 2 3 2 7 3 3 2 3
11010101010101010101010101000001 827 1193 3 2 5 2 199 19 3
11100000000000000000000000000001 3 2 5 607 7 5 3 17 47
11111111111111111111100000000001 3 2 5 3 7 7 3 11 3
11111111111111111111111100000001 401 19 23 2 5 2 11 2 3
10000000000000000000000000000001 3 2 5 11 7 43 3 5 3
10000000000000000000000000000111 3 2 5 67 7 5 3 5 17
10000000000000000000000000001101 3 2 5 7 7 13 3 5 83
10000000000000000000000000010011 3 2 5 2333 7 43 3 5 7
10000000000000000000000000011101 31 5 11 2 5 2 5 2 3
10000000000000000000000000101011 3 163 19 2 5 2 3 2 3
10000000000000000000000001000011 3 2 5 1087 7 5 3 5 157
10000000000000000000000001111111 3 2 5 113 7 5 3 5 3
10000000000000000000000010010011 5 7 887 2 5 2 239 2 3
10000000000000000000000011110001 3 2 3 113 7 3 3 5 79
10000000000000000000000100100001 3 2 5 19 7 43 3 5 7
10000000000000000000000111000001 11 5 13 2 5 2 5 2 3
10000000000000000000001000100011 3 31 1097 2 5 2 3 2 3
10000000000000000000001010000001 73 2 1999 3 149 17 41 173 13
10000000000000000000001111111001 5 19 3 2 383 2 3319 2 59
10000000000000000000010000000001 71 59 3 2 191 2 1789 2 11
10000000000000000000010000001001 3 2 5 13 7 17 3 5 1583
10000000000000000000010010010001 181 5 41 2 5 2 5 2 3
10000000000000000000010101000001 3 131 67 2 5 2 3 2 3
10000000000000000000011111111001 3 2 5 19 5 151 3 5 29
10000000000000000000100000000001 7 5 3 2 43 2 5 2 8059
10000000000000000000100100100101 3 2 3 61 7 3 3 5 7
10000000000000000000111110000001 11 5 73 2 181 2 5 2 457
10000000000000000000111111110001 3 2 5 29 5 5051 3 5 67
10000000000000000001000010000101 4679 5 13 2 5 2 5 2 3
10000000000000000001001000000001 3 2 5 103 7 19 3 5 7
10000000000000000001010000000001 37 2 11 7 11 239 97 101 23
10000000000000000001110000000001 2243 5 191 2 5 2 5 2 3
10000000000000000001111111111111 3 2 5 23 7 43 3 5 3
10000000000000000010010000000001 3 2 5 97 7 5 3 5 7
10000000000000000010010010010011 7523 7 199 2 79 2 7 2 577
10000000000000000011111111110001 3 2 3 11 7 3 3 5 17
10000000000000000100010001000101 5 2 3 3 43 3 73 67 13
10000000000000000100100100100001 3 2 3 293 7 3 3 5 7
10000000000000000101010000000001 3 73 19 2 5 2 3 2 3
10000000000000000111000000000001 29 11 11 2 5 2 31 2 3
10000000000000000111111000000001 3 2 5 79 7 5 3 5 3
10000000000000000111111111111001 3 2 5 419 7 43 3 5 3
10000000000000001000000000001001 5 2 7 3 67 5 113 7 31
10000000000000001000000001000001 3 2 5 13 7 19 3 5 7
10000000000000001000010000000001 3 2 5 13 7 1367 3 5 41
10000000000000001111111111000001 3 2 3 11 7 3 3 5 547
10000000000000001111111111111001 797 5 3 2 5 2 5 2 17
10000000000000010010010010000001 3 2 3 23 7 3 3 5 7
10000000000000011110000000000001 3 2 3 7 7 3 3 5 19
10000000000000011111111111110001 5 19 3 2 5 2 113 2 11
10000000000000011111111111111111 3 2 3 7 7 3 3 5 43
10000000000000100000000000000101 3 2 5 29 7 5 3 2 7
10000000000000100000000100000001 3 2 5 1741 7 43 3 2 7
10000000000000100000100000100001 3 101 59 2 5 2 3 19 3
10000000000000100010001000100001 7 2 3 7 29 3 5 2 643
10000000000000101010100000000001 7 2 3 7 43 3 73 2 593
10000000000000101010101010100001 7 13 3 2 7 2 73 17 29
10000000000000110000000000000001 3 2 5 29 7 3491 3 2 61
10000000000000111111111110000001 5 1019 59 2 2311 2 11 5 29
10000000000001000000010000000101 3 5 7793 2 5 2 3 17 3
10000000000001001000000000000001 3 2 5 13 7 19 3 2 7
10000000000001010100000000000001 3 2633 73 2 5 2 3 71 3
10000000000001010101010100000001 3 2 29 59 11 11 3 2 3
10000000000001010101010101010101 3 23 23 2 13 2 3 691 3
10000000000001111000000000000001 3 2 3 3299 7 3 3 239 179
10000000000001111111000000000001 151 29 3 2 647 2 179 2 11
10000000000001111111111111111001 3 2 3 17 7 3 3 1933 139
10000000000010000000000001000001 3 2 5 13 7 2 3 2 61
10000000000010000000001000000001 97 2 11 3 11 2 23 2 13
10000000000010010010010010010001 3 2 5 433 7 2 3 2 3
10000000000011100000000000000001 31 11 11 2 5 13 31 3 3
10000000000011111100000000000001 3 2 5 13 7 2 3 2 3
10000000000011111111111100000001 3 2 5 2341 7 2 3 2 3
10000000000011111111111111100001 29 1907 983 2 17 13 17 3 3
10000000000011111111111111111101 3 2 5 13 5 2 3 2 3
10000000000100000000000010000001 3 2 5 569 7 2 3 2 43
10000000000100000001000000000001 19 2 11 17 11 2 5 2 61
10000000000100010001000100000001 7 2 3 3 43 2 73 2 13
10000000000101010101010000000001 3 2 89 29 71 2 3 23 3
10000000000111111111111111111001 3 2 5 431 5 3 3 3 3
10000000001000000000000001000001 3 2 5 149 7 2 3 2 7
10000000001000001000001000001001 7 2 3 7 41 2 29 2 13
10000000001000010000100001000001 3 2 3 463 7 2 3 2 19
10000000001001001001000000000001 3 2 3 31 7 2 3 293 7
10000000001111111110000000000001 29 17 11 2 191 97 11 3 3
10000000001111111111111111110001 3 2 5 47 5 2 3 2 3
10000000010000000000100000000001 3 2 5 13 7 2 3 2 127
10000000010000000010000000000001 3 2 5 53 7 2 3 2 7
10000000010000001000000100000011 3 2 3 7 7 2 3 2 19
10000000010001000100000000000001 3 5 11 2 5 5 3 2 3
10000000010010010010010010010001 29 5 3 2 17 2 5 2 11
10000000010101010101010101000001 3 11 47 2 79 2 3 2351 3
10000000011000000000000000000001 3 2 5 37 7 157 3 5 53
10000000011111111000000000000001 3 2 5 443 5 5021 3 7 103
10000000100000000000000000000001 7 5 3 3 23 3 5 3 3
10000000100000000001000000000001 3 2 5 2 7 2 3 2 2221
10000000100000000010000000001001 3 5 1427 11 5 11 3 3 19
10000000100000100000100000000001 3 5 139 11 5 13 3 2 89
10000000111111000000000000000001 3 2 5 2 7 2 3 19 179
10000000111111111111111111000001 3 2 5 2 5 2 3 2 131
10000001000000000000000001000001 379 2 7 2 821 2 29 2 2393
10000001000000000000001000000001 3 2 5 2 7 2 3 2 19
10000001000000000100000000000001 1301 2 11 2 47 2 67 2 13
10000001000000100000000000000001 3 2 5 2 7 2 3 17 17
10000001001000000000000000000001 3 2 5 2 7 11 3 3 499
10000001001001001001001001001001 3 2 5 2 5 17 3 2 23
10000001010101010101000000000001 5 23 3 11 7 3 11 2 3
10000001100000000000000000000001 3 2 5 3 7 3 3 11 3
10000001111111100000000000000001 3 2 5 3 5 5 3 17 3
10000001111111111100000000000001 9547 5 19 2 2287 2 5 2 3
10000001111111111111111100000001 5 59 5531 2 401 2 17 2 3
10000001111111111111111111111101 31 5 11 2 5 2 5 2 3
10000010000000000000010000000001 3 2 5 2 7 2 3 2 19
10000010000000010000000000000001 3 2 5 2 7 2 3 2 3319
10000010000100000000000000000001 3 2 5 2 7 17 3 599 269
10000010001000100010001000100011 2749 7 3 11 7 2 107 13 109
10000010010010010000000000000001 3 2 3 2 7 2 3 2 107
10000011111111000000000000000001 3 2 5 2 5 2 3 5 3
10000011111111111111000000000001 3 2 5 2 7 2 3 2 3
10000011111111111111111111000001 3 2 5 2 7 2 3 2 3
10000100000000000000000000000001 7 13 3 131 43 31 73 3 3
10000100000000000000000000001001 3 2 5 2 7 2 3 2 11
10000100000000000000001000000001 3 2 5 2 7 2 3 2 11
10000100000000000100000000000101 3 5 1361 11 5 3 3 3 109
10000100000001000000010000000101 5 2 3 2 43 2 17 3 3
10000100000010000001000000100001 3 2 3 2 7 3 3 5 3
10000100001000010000100001000011 3 2 5 2 7 11 3 3 11
10000100010001000100000000000001 5 2 3 2 43 3 73 2 3
10000100100100100000000000000001 3 2 3 3 7 2 3 3 17
10000101010101000000000000000001 179 7 5 2 83 2 7 3 3
10000110000000000000000000000001 3 2 5 5 7 3 3 3 7
10000111110000000000000000000001 41 457 331 2 17 5 7 5 59
10000111111111111110000000000001 3 2 5 1019 7 3 3 5 1237
10000111111111111111111110000001 3 2 5 127 7 3 3 5 167
10000111111111111111111111111111 3 2 5 2423 7 3 3 5 29
10001000000000000000000100000001 3 2 5 2 7 2 3 2 131
10001000000001000000001000000001 31 11 11 13 5 11 31 2 3
10001000001000001000001000000001 7 2 3 2 11 5 61 3 991
10001000010000100001000010000101 3 2 5 2 7 29 3 2 3
10001000100010001000000000000001 29 2 3 3 499 2 13 2 3
10001001001001000000000000000001 3 2 3 5 7 2 3 1279 3
10001010101010000000000000000001 449 5 5 7 61 151 5 3 31
10001010101010101010000000000001 1217 2 29 2 5 2 821 13 107
10001111000000000000000000000001 3 2 3 3 7 1889 3 11 7
10001111111111000000000000000001 3 2 3 2 7 2 3 11 349
10001111111111111111111111000001 3 2 3 2 7 2 3 2 887
10010000000000000000000000000001 5 29 3 7 11 7 23 5 3251
10010000000000000000000000001001 3 2 5 2 7 2 3 2 3
10010000000000000000001000000001 3 2 5 2 7 2 3 2 3
10010000000000001000000000000001 3 2 5 2 7 2 3 2 3
10010000000000010000000000010001 3 13 17 3 5 3 3 7 7
10010000000010000000010000000001 47 5 37 7 5 2 5 2 67
10010000000100000001000000000001 3 149 17 3 5 2 3 2 3331
10010000001000000100000000000001 47 61 19 41 5 2 59 2 7
10010000010000010000000000000001 3 13 43 3 5 2 3 2 7
10010000100000000000000000000001 3 2 5 37 7 5 3 43 13
10010001000100000000000000000001 3 47 17 2 5 131 3 7 3
10010010010010010010000000000001 3 2 5 3 7 71 3 83 5
10011111111111111000000000000001 3 2 5 3 7 37 3 29 3
10011111111111111111111000000001 3 2 5 3 7 569 3 557 3
10011111111111111111111111000001 11 5 3761 2 5 2 5 2 3
10011111111111111111111111111001 3 2 5 3 7 3803 3 71 3
10100000000000000000000000000001 7 13 3 5 43 3 73 41 5
10100000000000000000000001000001 3 2 5 2 7 2 3 2 5
10100000000000000000001000000001 101 2 11 2 11 2 523 2 5
10100000000000000001000000000001 3 2 5 2 7 2 3 2 5
10100000000001000000000000000001 3 2 5 2 7 2 3 7 5
10100010001000000000000000000001 3 71 23 2 5 43 3 31 3
10100100100100100000000000000001 29 61 1103 5 19 2 7 3 3
10100100100100100100100100000001 3 2 5 2 5 11 3 2 3
10101010101000000000000000000001 83 797 5 2 17 3 7 11 17
10101010101010101010101010101001 13 2 19 5 7 5 131 2 101
10111111111111000000000000000001 3 2 5 2 7 2 3 3 431
10111111111111111111000000000001 3 2 5 2 5 2 3 2 23
10111111111111111111111111000001 3 2 5 2 7 2 3 2 17
11000000000000000000000000001001 3 2 5 2 7 2 3 2 5
11000000000000000000001000000001 3 2 5 2 7 2 3 2 5
11000000000000001000000000000001 3 2 5 2 7 2 3 2 5
11000000000000100000000000000001 3 2 5 2 7 2 3 3 5
11000000000100000000000000000001 19 2 271 2 17 3 11 607 5
11000000010000000100000000000001 3 5 43 719 5 2 3 2 3
11000010000100001000000000000001 3 2 3 67 7 2 3 2 7
11000100010001000100000000000001 47 7 5 2 19 5 7 2 11
11001001001000000000000000000001 3 2 3 2 7 3 3 3 3
11001001001001001001001001001001 3 2 3 2 7 3 3 2 3
11010101010101010101010101000001 827 1193 3 2 5 2 199 19 3
11100000000000000000000000000001 3 2 5 607 7 5 3 17 47
11111111111111111111100000000001 3 2 5 3 7 7 3 11 3
11111111111111111111111100000001 401 19 23 2 5 2 11 2 3
10000000000000000000000000000001 3 2 5 11 7 43 3 5 3
10000000000000000000000000000111 3 2 5 67 7 5 3 5 17
10000000000000000000000000001101 3 2 5 7 7 13 3 5 83
10000000000000000000000000010011 3 2 5 2333 7 43 3 5 7
10000000000000000000000000011101 31 5 11 2 5 2 5 2 3
10000000000000000000000000101011 3 163 19 2 5 2 3 2 3
10000000000000000000000001000011 3 2 5 1087 7 5 3 5 157
10000000000000000000000001111111 3 2 5 113 7 5 3 5 3
10000000000000000000000010010011 5 7 887 2 5 2 239 2 3
10000000000000000000000011110001 3 2 3 113 7 3 3 5 79
10000000000000000000000100100001 3 2 5 19 7 43 3 5 7
10000000000000000000000111000001 11 5 13 2 5 2 5 2 3
10000000000000000000001000100011 3 31 1097 2 5 2 3 2 3
10000000000000000000001010000001 73 2 1999 3 149 17 41 173 13
10000000000000000000001111111001 5 19 3 2 383 2 3319 2 59
10000000000000000000010000000001 71 59 3 2 191 2 1789 2 11
10000000000000000000010000001001 3 2 5 13 7 17 3 5 1583
10000000000000000000010010010001 181 5 41 2 5 2 5 2 3
10000000000000000000010101000001 3 131 67 2 5 2 3 2 3
10000000000000000000011111111001 3 2 5 19 5 151 3 5 29
10000000000000000000100000000001 7 5 3 2 43 2 5 2 8059
10000000000000000000100100100101 3 2 3 61 7 3 3 5 7
10000000000000000000111110000001 11 5 73 2 181 2 5 2 457
10000000000000000000111111110001 3 2 5 29 5 5051 3 5 67
10000000000000000001000010000101 4679 5 13 2 5 2 5 2 3
10000000000000000001001000000001 3 2 5 103 7 19 3 5 7
10000000000000000001010000000001 37 2 11 7 11 239 97 101 23
10000000000000000001110000000001 2243 5 191 2 5 2 5 2 3
10000000000000000001111111111111 3 2 5 23 7 43 3 5 3
10000000000000000010010000000001 3 2 5 97 7 5 3 5 7
10000000000000000010010010010011 7523 7 199 2 79 2 7 2 577
10000000000000000011111111110001 3 2 3 11 7 3 3 5 17
10000000000000000100010001000101 5 2 3 3 43 3 73 67 13
10000000000000000100100100100001 3 2 3 293 7 3 3 5 7
10000000000000000101010000000001 3 73 19 2 5 2 3 2 3
10000000000000000111000000000001 29 11 11 2 5 2 31 2 3
10000000000000000111111000000001 3 2 5 79 7 5 3 5 3
10000000000000000111111111111001 3 2 5 419 7 43 3 5 3
10000000000000001000000000001001 5 2 7 3 67 5 113 7 31
10000000000000001000000001000001 3 2 5 13 7 19 3 5 7
10000000000000001000010000000001 3 2 5 13 7 1367 3 5 41
10000000000000001111111111000001 3 2 3 11 7 3 3 5 547
10000000000000001111111111111001 797 5 3 2 5 2 5 2 17
10000000000000010010010010000001 3 2 3 23 7 3 3 5 7
10000000000000011110000000000001 3 2 3 7 7 3 3 5 19
10000000000000011111111111110001 5 19 3 2 5 2 113 2 11
10000000000000011111111111111111 3 2 3 7 7 3 3 5 43
10000000000000100000000000000101 3 2 5 29 7 5 3 2 7
10000000000000100000000100000001 3 2 5 1741 7 43 3 2 7
10000000000000100000100000100001 3 101 59 2 5 2 3 19 3
10000000000000100010001000100001 7 2 3 7 29 3 5 2 643
10000000000000101010100000000001 7 2 3 7 43 3 73 2 593
10000000000000101010101010100001 7 13 3 2 7 2 73 17 29
10000000000000110000000000000001 3 2 5 29 7 3491 3 2 61
10000000000000111111111110000001 5 1019 59 2 2311 2 11 5 29
10000000000001000000010000000101 3 5 7793 2 5 2 3 17 3
10000000000001001000000000000001 3 2 5 13 7 19 3 2 7
10000000000001010100000000000001 3 2633 73 2 5 2 3 71 3
10000000000001010101010100000001 3 2 29 59 11 11 3 2 3
10000000000001010101010101010101 3 23 23 2 13 2 3 691 3
10000000000001111000000000000001 3 2 3 3299 7 3 3 239 179
10000000000001111111000000000001 151 29 3 2 647 2 179 2 11
10000000000001111111111111111001 3 2 3 17 7 3 3 1933 139
10000000000010000000000001000001 3 2 5 13 7 2 3 2 61
10000000000010000000001000000001 97 2 11 3 11 2 23 2 13
10000000000010010010010010010001 3 2 5 433 7 2 3 2 3
10000000000011100000000000000001 31 11 11 2 5 13 31 3 3
10000000000011111100000000000001 3 2 5 13 7 2 3 2 3
10000000000011111111111100000001 3 2 5 2341 7 2 3 2 3
10000000000011111111111111100001 29 1907 983 2 17 13 17 3 3
10000000000011111111111111111101 3 2 5 13 5 2 3 2 3
10000000000100000000000010000001 3 2 5 569 7 2 3 2 43
10000000000100000001000000000001 19 2 11 17 11 2 5 2 61
10000000000100010001000100000001 7 2 3 3 43 2 73 2 13
10000000000101010101010000000001 3 2 89 29 71 2 3 23 3
10000000000111111111111111111001 3 2 5 431 5 3 3 3 3
10000000001000000000000001000001 3 2 5 149 7 2 3 2 7
10000000001000001000001000001001 7 2 3 7 41 2 29 2 13
10000000001000010000100001000001 3 2 3 463 7 2 3 2 19
10000000001001001001000000000001 3 2 3 31 7 2 3 293 7
10000000001111111110000000000001 29 17 11 2 191 97 11 3 3
10000000001111111111111111110001 3 2 5 47 5 2 3 2 3
10000000010000000000100000000001 3 2 5 13 7 2 3 2 127
10000000010000000010000000000001 3 2 5 53 7 2 3 2 7
10000000010000001000000100000011 3 2 3 7 7 2 3 2 19
10000000010001000100000000000001 3 5 11 2 5 5 3 2 3
10000000010010010010010010010001 29 5 3 2 17 2 5 2 11
10000000010101010101010101000001 3 11 47 2 79 2 3 2351 3
10000000011000000000000000000001 3 2 5 37 7 157 3 5 53
10000000011111111000000000000001 3 2 5 443 5 5021 3 7 103
10000000100000000000000000000001 7 5 3 3 23 3 5 3 3
10000000100000000001000000000001 3 2 5 2 7 2 3 2 2221
10000000100000000010000000001001 3 5 1427 11 5 11 3 3 19
10000000100000100000100000000001 3 5 139 11 5 13 3 2 89
10000000111111000000000000000001 3 2 5 2 7 2 3 19 179
10000000111111111111111111000001 3 2 5 2 5 2 3 2 131
10000001000000000000000001000001 379 2 7 2 821 2 29 2 2393
10000001000000000000001000000001 3 2 5 2 7 2 3 2 19
10000001000000000100000000000001 1301 2 11 2 47 2 67 2 13
10000001000000100000000000000001 3 2 5 2 7 2 3 17 17
10000001001000000000000000000001 3 2 5 2 7 11 3 3 499
10000001001001001001001001001001 3 2 5 2 5 17 3 2 23
10000001010101010101000000000001 5 23 3 11 7 3 11 2 3
10000001100000000000000000000001 3 2 5 3 7 3 3 11 3
10000001111111100000000000000001 3 2 5 3 5 5 3 17 3
10000001111111111100000000000001 9547 5 19 2 2287 2 5 2 3
10000001111111111111111100000001 5 59 5531 2 401 2 17 2 3
10000001111111111111111111111101 31 5 11 2 5 2 5 2 3
10000010000000000000010000000001 3 2 5 2 7 2 3 2 19
10000010000000010000000000000001 3 2 5 2 7 2 3 2 3319
10000010000100000000000000000001 3 2 5 2 7 17 3 599 269
10000010001000100010001000100011 2749 7 3 11 7 2 107 13 109
10000010010010010000000000000001 3 2 3 2 7 2 3 2 107
10000011111111000000000000000001 3 2 5 2 5 2 3 5 3
10000011111111111111000000000001 3 2 5 2 7 2 3 2 3
10000011111111111111111111000001 3 2 5 2 7 2 3 2 3
10000100000000000000000000000001 7 13 3 131 43 31 73 3 3
10000100000000000000000000001001 3 2 5 2 7 2 3 2 11
10000100000000000000001000000001 3 2 5 2 7 2 3 2 11
10000100000000000100000000000101 3 5 1361 11 5 3 3 3 109
10000100000001000000010000000101 5 2 3 2 43 2 17 3 3
10000100000010000001000000100001 3 2 3 2 7 3 3 5 3
10000100001000010000100001000011 3 2 5 2 7 11 3 3 11
10000100010001000100000000000001 5 2 3 2 43 3 73 2 3
10000100100100100000000000000001 3 2 3 3 7 2 3 3 17
10000101010101000000000000000001 179 7 5 2 83 2 7 3 3
10000110000000000000000000000001 3 2 5 5 7 3 3 3 7
10000111110000000000000000000001 41 457 331 2 17 5 7 5 59
10000111111111111110000000000001 3 2 5 1019 7 3 3 5 1237
10000111111111111111111110000001 3 2 5 127 7 3 3 5 167
